Thu Feb  8 20:54:27 2024: Running xcd server. This server was built by gradle.
Thu Feb  8 20:54:27 2024: Server was asked to start on port: '33457'
Thu Feb  8 20:54:27 2024: Server is using token UUID: '45ef1890-d62b-41e6-b7dd-2f837f2a29be'
Thu Feb  8 20:54:27 2024: SESSION_MGR: creating session with session uuid: '6d04a3e9-ade5-4ab9-8d63-1f78fcd2ec76' and name 'default'
Thu Feb  8 20:54:27 2024: Attempting to start server on port '33457'
Thu Feb  8 20:54:27 2024: XCD main fifo: created main fifo '/tmp/xcdmain45ef1890-d62b-41e6-b7dd-2f837f2a29be', fd read = 13
Thu Feb  8 20:54:27 2024: Running Dispatch Server
Thu Feb  8 20:54:27 2024: Version 2.2.0
Thu Feb  8 20:54:29 2024: Dispatch Server: Accepted socket connection from client
Thu Feb  8 20:54:29 2024: Starting Socket connection
Thu Feb  8 20:54:29 2024: EXCHANGE_TOKEN received, server token: 45ef1890-d62b-41e6-b7dd-2f837f2a29be, passed token: 45ef1890-d62b-41e6-b7dd-2f837f2a29be
Thu Feb  8 20:54:29 2024: DISPATCH_HANDLER: Adding handler from function makeHandler in library libxv_system_diagram
Thu Feb  8 20:54:29 2024: SESSION_MGR: creating session with session uuid: '1c6bef7a-5556-459f-b08c-0897055d651a' and name 'v++_compile_krnl_vadd'
Thu Feb  8 20:54:29 2024: KERNEL_SVC: creating session with uuid: '1c6bef7a-5556-459f-b08c-0897055d651a' and name 'v++_compile_krnl_vadd'
Thu Feb  8 20:54:29 2024: GUIDANCE_SMGR: creating guidance session with uuid: '1c6bef7a-5556-459f-b08c-0897055d651a' and name 'v++_compile_krnl_vadd'
Thu Feb  8 20:54:29 2024: SYSTEM_DIAGRAM: creating session with uuid: '1c6bef7a-5556-459f-b08c-0897055d651a' and name 'v++_compile_krnl_vadd'
Thu Feb  8 20:54:38 2024: SESSION_MGR: closing session for UUID '1c6bef7a-5556-459f-b08c-0897055d651a' with name 'v++_compile_krnl_vadd'
Thu Feb  8 20:54:38 2024: KERNEL_SVC: closing session for UUID '1c6bef7a-5556-459f-b08c-0897055d651a' with name 'v++_compile_krnl_vadd'
Thu Feb  8 20:54:38 2024: GUIDANCE_SMGR: closing session for UUID '1c6bef7a-5556-459f-b08c-0897055d651a' with name 'v++_compile_krnl_vadd'
Thu Feb  8 20:54:38 2024: SYSTEM_DIAGRAM: closing session for UUID '1c6bef7a-5556-459f-b08c-0897055d651a' with name 'v++_compile_krnl_vadd'
Thu Feb  8 20:54:38 2024: STOP_SERVER received, server token: 45ef1890-d62b-41e6-b7dd-2f837f2a29be, passed token: 45ef1890-d62b-41e6-b7dd-2f837f2a29be
Thu Feb  8 20:54:38 2024: Socket received request to stop server.
Thu Feb  8 20:54:38 2024: Dispatch Server: do_await_stop
Thu Feb  8 20:54:38 2024: Dispatch Server: stopping mainFifo_
Thu Feb  8 20:54:38 2024: XCD main fifo: Stopping
Thu Feb  8 20:54:38 2024: XCD main fifo: do_read error code: Operation canceled
Thu Feb  8 20:54:38 2024: XCD main fifo: bytes_transferred: 0
Thu Feb  8 20:54:38 2024: SERVER: destructor for server bound to port 33457
Thu Feb  8 20:54:38 2024: XCD main fifo: Good unlink of /tmp/xcdmain45ef1890-d62b-41e6-b7dd-2f837f2a29be
Thu Feb  8 20:54:38 2024: Server exiting with status 0.
Thu Feb  8 20:54:38 2024: Closing log file.
