2024-02-08 15:12:16 [info] : [Platform Server] Creating platform platform  output stream finished - platform. 
2024-02-08 15:12:47 [info] : [Platform Server] Generate platform output stream finished - platform. 
2024-02-08 16:12:24 [info] : [Platform Server] Generate platform output stream finished - platform. 
2024-02-08 16:12:24 [info] : [Build Server] Build output stream finished - hello_world::. 
2024-02-08 16:19:46 [info] : [Build Server] Build output stream finished - linux_hello_world::. 
2024-02-08 16:20:10 [error] : [Debug Manager] Failed to verify the target connection used 'Linux Agent'. Please verify the target in Vitis > Target Connections. 
2024-02-08 16:20:19 [info] : [Build Server] Build output stream finished - linux_hello_world::. 
2024-02-08 16:20:39 [error] : [Debug Manager] Failed to verify the target connection used 'Linux Agent'. Please verify the target in Vitis > Target Connections. 
2024-02-08 16:21:38 [error] : [Debug Manager] Failed to verify the target connection used 'Linux Agent'. Please verify the target in Vitis > Target Connections. 
2024-02-08 20:54:48 [info] : [Build Server] Build output stream finished - vadd::sw_emu. 
2024-02-08 20:55:36 [info] : [Debug Manager] Starting launch in 'run' mode using configuration: {"name":"vadd_sw_emu","debugType":"sw_emu","type":"gdb","request":"launch","target":"${workspaceFolder}/vadd_host/build/x86sim/vadd_host","applicationProjectDir":"${workspaceFolder}/vadd","arguments":"${workspaceFolder}/vadd/build/sw_emu/package/binary_container_1.xclbin","cwd":"${workspaceFolder}/vadd/build/sw_emu/vadd_sw_emu","gdbpath":"${env:XILINX_VITIS}/bin/xgdb","valuesFormatting":"prettyPrinters","env":{"XILINX_VITIS":"${env:XILINX_VITIS}","XILINX_HLS":"${env:XILINX_VITIS}","XCL_EMULATION_MODE":"sw_emu","ENABLE_KERNEL_DEBUG":"true","XRT_INI_PATH":"${workspaceFolder}/vadd/vadd_host/runtime/sw_emu_xrt.ini","XCL_BIN_PATH":"${workspaceFolder}/vadd/build/sw_emu/package","LD_LIBRARY_PATH":"${env:XILINX_XRT}/lib"},"__configUri":"file:///home/yzwu/Desktop/soc_test/vadd/_ide/.theia/launch.json"} 
2024-02-08 20:55:37 [info] : [Debug Manager] Disabling breakpoints in the tool to enable run mode for 'vadd_sw_emu'. 
2024-02-08 20:55:37 [info] : [Debug Manager] Launch session has started on the configuration 'vadd_sw_emu' 
2024-02-08 20:55:38 [info] : [Debug Manager] Launch session has terminated on the configuration 'vadd_sw_emu' 
2024-02-08 20:55:38 [info] : [Debug Manager] Enabling breakpoints after running the application using 'vadd_sw_emu'. 
2024-02-08 20:59:54 [info] : [Build Server] Build output stream finished - vadd::sw_emu. 
2024-02-08 20:59:57 [info] : [Debug Manager] Starting launch in 'run' mode using configuration: {"name":"vadd_sw_emu","debugType":"sw_emu","type":"gdb","request":"launch","target":"${workspaceFolder}/vadd_host/build/x86sim/vadd_host","applicationProjectDir":"${workspaceFolder}/vadd","arguments":"${workspaceFolder}/vadd/build/sw_emu/package/binary_container_1.xclbin","cwd":"${workspaceFolder}/vadd/build/sw_emu/vadd_sw_emu","gdbpath":"${env:XILINX_VITIS}/bin/xgdb","valuesFormatting":"prettyPrinters","env":{"XILINX_VITIS":"${env:XILINX_VITIS}","XILINX_HLS":"${env:XILINX_VITIS}","XCL_EMULATION_MODE":"sw_emu","ENABLE_KERNEL_DEBUG":"true","XRT_INI_PATH":"${workspaceFolder}/vadd/vadd_host/runtime/sw_emu_xrt.ini","XCL_BIN_PATH":"${workspaceFolder}/vadd/build/sw_emu/package","LD_LIBRARY_PATH":"${env:XILINX_XRT}/lib"},"__configUri":"file:///home/yzwu/Desktop/soc_test/vadd/_ide/.theia/launch.json"} 
2024-02-08 20:59:58 [info] : [Debug Manager] Disabling breakpoints in the tool to enable run mode for 'vadd_sw_emu'. 
2024-02-08 20:59:58 [info] : [Debug Manager] Launch session has started on the configuration 'vadd_sw_emu' 
2024-02-08 20:59:58 [info] : [Debug Manager] Launch session has terminated on the configuration 'vadd_sw_emu' 
2024-02-08 20:59:58 [info] : [Debug Manager] Enabling breakpoints after running the application using 'vadd_sw_emu'. 
2024-02-08 21:17:12 [info] : [Build Server] Build output stream finished - vadd::sw_emu. 
2024-02-08 21:17:53 [info] : [Build Server] Build output stream finished - vadd::sw_emu. 
2024-02-08 21:18:41 [info] : [Build Server] Build output stream finished - vadd::sw_emu. 
2024-02-08 21:18:43 [info] : [Debug Manager] Starting launch in 'run' mode using configuration: {"name":"vadd_sw_emu","debugType":"sw_emu","type":"gdb","request":"launch","target":"${workspaceFolder}/vadd_host/build/x86sim/vadd_host","applicationProjectDir":"${workspaceFolder}/vadd","arguments":"${workspaceFolder}/vadd/build/sw_emu/package/binary_container_1.xclbin","cwd":"${workspaceFolder}/vadd/build/sw_emu/vadd_sw_emu","gdbpath":"${env:XILINX_VITIS}/bin/xgdb","valuesFormatting":"prettyPrinters","env":{"XILINX_VITIS":"${env:XILINX_VITIS}","XILINX_HLS":"${env:XILINX_VITIS}","XCL_EMULATION_MODE":"sw_emu","ENABLE_KERNEL_DEBUG":"true","XRT_INI_PATH":"${workspaceFolder}/vadd/vadd_host/runtime/sw_emu_xrt.ini","XCL_BIN_PATH":"${workspaceFolder}/vadd/build/sw_emu/package","LD_LIBRARY_PATH":"${env:XILINX_XRT}/lib"},"__configUri":"file:///home/yzwu/Desktop/soc_test/vadd/_ide/.theia/launch.json"} 
2024-02-08 21:18:43 [info] : [Debug Manager] Disabling breakpoints in the tool to enable run mode for 'vadd_sw_emu'. 
2024-02-08 21:18:43 [info] : [Debug Manager] Launch session has started on the configuration 'vadd_sw_emu' 
2024-02-08 21:18:43 [info] : [Debug Manager] Launch session has terminated on the configuration 'vadd_sw_emu' 
2024-02-08 21:18:43 [info] : [Debug Manager] Enabling breakpoints after running the application using 'vadd_sw_emu'. 
2024-02-08 21:27:19 [info] : [Build Server] Build output stream finished - vadd::sw_emu. 
2024-02-08 21:29:02 [info] : [Build Server] Build output stream finished - vadd::sw_emu. 
2024-02-08 21:29:09 [info] : [Debug Manager] Starting launch in 'run' mode using configuration: {"name":"vadd_sw_emu","debugType":"sw_emu","type":"gdb","request":"launch","target":"${workspaceFolder}/vadd_host/build/x86sim/vadd_host","applicationProjectDir":"${workspaceFolder}/vadd","arguments":"${workspaceFolder}/vadd/build/sw_emu/package/binary_container_1.xclbin","cwd":"${workspaceFolder}/vadd/build/sw_emu/vadd_sw_emu","gdbpath":"${env:XILINX_VITIS}/bin/xgdb","valuesFormatting":"prettyPrinters","env":{"XILINX_VITIS":"${env:XILINX_VITIS}","XILINX_HLS":"${env:XILINX_VITIS}","XCL_EMULATION_MODE":"sw_emu","ENABLE_KERNEL_DEBUG":"true","XRT_INI_PATH":"${workspaceFolder}/vadd/vadd_host/runtime/sw_emu_xrt.ini","XCL_BIN_PATH":"${workspaceFolder}/vadd/build/sw_emu/package","LD_LIBRARY_PATH":"${env:XILINX_XRT}/lib"},"__configUri":"file:///home/yzwu/Desktop/soc_test/vadd/_ide/.theia/launch.json"} 
2024-02-08 21:29:09 [info] : [Debug Manager] Disabling breakpoints in the tool to enable run mode for 'vadd_sw_emu'. 
2024-02-08 21:29:10 [info] : [Debug Manager] Launch session has started on the configuration 'vadd_sw_emu' 
2024-02-08 21:29:10 [info] : [Debug Manager] Launch session has terminated on the configuration 'vadd_sw_emu' 
2024-02-08 21:29:10 [info] : [Debug Manager] Enabling breakpoints after running the application using 'vadd_sw_emu'. 
2024-02-08 22:40:41 [info] : [Build Server] Build output stream finished - vadd::sw_emu. 
2024-02-08 22:41:11 [info] : [Build Server] Build output stream finished - vadd_host::x86sim. 
2024-02-08 22:41:22 [info] : [Build Server] Build output stream finished - vadd::sw_emu. 
2024-02-08 22:41:28 [info] : [Debug Manager] Starting launch in 'run' mode using configuration: {"name":"vadd_sw_emu","debugType":"sw_emu","type":"gdb","request":"launch","target":"${workspaceFolder}/vadd_host/build/x86sim/vadd_host","applicationProjectDir":"${workspaceFolder}/vadd","arguments":"${workspaceFolder}/vadd/build/sw_emu/package/binary_container_1.xclbin","cwd":"${workspaceFolder}/vadd/build/sw_emu/vadd_sw_emu","gdbpath":"${env:XILINX_VITIS}/bin/xgdb","valuesFormatting":"prettyPrinters","env":{"XILINX_VITIS":"${env:XILINX_VITIS}","XILINX_HLS":"${env:XILINX_VITIS}","XCL_EMULATION_MODE":"sw_emu","ENABLE_KERNEL_DEBUG":"true","XRT_INI_PATH":"${workspaceFolder}/vadd/vadd_host/runtime/sw_emu_xrt.ini","XCL_BIN_PATH":"${workspaceFolder}/vadd/build/sw_emu/package","LD_LIBRARY_PATH":"${env:XILINX_XRT}/lib"},"__configUri":"file:///home/yzwu/Desktop/soc_test/vadd/_ide/.theia/launch.json"} 
2024-02-08 22:41:29 [info] : [Debug Manager] Disabling breakpoints in the tool to enable run mode for 'vadd_sw_emu'. 
2024-02-08 22:41:29 [info] : [Debug Manager] Launch session has started on the configuration 'vadd_sw_emu' 
2024-02-08 22:41:29 [info] : [Debug Manager] Launch session has terminated on the configuration 'vadd_sw_emu' 
2024-02-08 22:41:29 [info] : [Debug Manager] Enabling breakpoints after running the application using 'vadd_sw_emu'. 
2024-02-08 22:44:34 [info] : [Debug Manager] Starting launch in 'run' mode using configuration: {"name":"vadd_sw_emu","debugType":"sw_emu","type":"gdb","request":"launch","target":"${workspaceFolder}/vadd_host/build/x86sim/vadd_host","applicationProjectDir":"${workspaceFolder}/vadd","arguments":"${workspaceFolder}/vadd/build/sw_emu/package/binary_container_1.xclbin","cwd":"${workspaceFolder}/vadd/build/sw_emu/vadd_sw_emu","gdbpath":"${env:XILINX_VITIS}/bin/xgdb","valuesFormatting":"prettyPrinters","env":{"XILINX_VITIS":"${env:XILINX_VITIS}","XILINX_HLS":"${env:XILINX_VITIS}","XCL_EMULATION_MODE":"sw_emu","ENABLE_KERNEL_DEBUG":"true","XRT_INI_PATH":"${workspaceFolder}/vadd/vadd_host/runtime/sw_emu_xrt.ini","XCL_BIN_PATH":"${workspaceFolder}/vadd/build/sw_emu/package","LD_LIBRARY_PATH":"${env:XILINX_XRT}/lib"},"__configUri":"file:///home/yzwu/Desktop/soc_test/vadd/_ide/.theia/launch.json"} 
2024-02-08 22:44:35 [info] : [Debug Manager] Disabling breakpoints in the tool to enable run mode for 'vadd_sw_emu'. 
2024-02-08 22:44:35 [info] : [Debug Manager] Launch session has started on the configuration 'vadd_sw_emu' 
2024-02-08 22:44:35 [info] : [Debug Manager] Launch session has terminated on the configuration 'vadd_sw_emu' 
2024-02-08 22:44:35 [info] : [Debug Manager] Enabling breakpoints after running the application using 'vadd_sw_emu'. 
2024-02-08 22:50:32 [info] : [Build Server] Build output stream finished - vadd::sw_emu. 
2024-02-08 22:50:38 [info] : [Debug Manager] Starting launch in 'run' mode using configuration: {"name":"vadd_sw_emu","debugType":"sw_emu","type":"gdb","request":"launch","target":"${workspaceFolder}/vadd_host/build/x86sim/vadd_host","applicationProjectDir":"${workspaceFolder}/vadd","arguments":"${workspaceFolder}/vadd/build/sw_emu/package/binary_container_1.xclbin","cwd":"${workspaceFolder}/vadd/build/sw_emu/vadd_sw_emu","gdbpath":"${env:XILINX_VITIS}/bin/xgdb","valuesFormatting":"prettyPrinters","env":{"XILINX_VITIS":"${env:XILINX_VITIS}","XILINX_HLS":"${env:XILINX_VITIS}","XCL_EMULATION_MODE":"sw_emu","ENABLE_KERNEL_DEBUG":"true","XRT_INI_PATH":"${workspaceFolder}/vadd/vadd_host/runtime/sw_emu_xrt.ini","XCL_BIN_PATH":"${workspaceFolder}/vadd/build/sw_emu/package","LD_LIBRARY_PATH":"${env:XILINX_XRT}/lib"},"__configUri":"file:///home/yzwu/Desktop/soc_test/vadd/_ide/.theia/launch.json"} 
2024-02-08 22:50:38 [info] : [Debug Manager] Disabling breakpoints in the tool to enable run mode for 'vadd_sw_emu'. 
2024-02-08 22:50:38 [info] : [Debug Manager] Launch session has started on the configuration 'vadd_sw_emu' 
2024-02-08 22:50:38 [info] : [Debug Manager] Launch session has terminated on the configuration 'vadd_sw_emu' 
2024-02-08 22:50:38 [info] : [Debug Manager] Enabling breakpoints after running the application using 'vadd_sw_emu'. 
2024-02-09 17:37:00 [info] : [Build Server] Build output stream finished - aie_component::x86sim. 
2024-02-09 17:38:28 [info] : [Build Server] Build output stream finished - aie_component::x86sim. 
2024-02-09 17:42:02 [info] : [Build Server] Build output stream finished - aie_component::x86sim. 
2024-02-09 17:46:58 [info] : [Build Server] Build output stream finished - aie_component::x86sim. 
2024-02-09 17:47:01 [info] : [Build Server] Build output stream finished - aie_component::x86sim. 
2024-02-09 17:48:18 [info] : [Debug Manager] Starting launch in 'debug' mode using configuration: {"name":"aie_component_x86_1","debugType":"x86simulator","type":"gdb","x86SimOptions":"${workspaceFolder}/aie_component/build/x86sim/Work/options/x86sim.options","request":"launch","target":"${workspaceFolder}/aie_component/build/x86sim/Work/pthread/sim.out","cwd":"${workspaceFolder}/aie_component/build/x86sim","gdbpath":"${env:XILINX_VITIS}/bin/xgdb","valuesFormatting":"prettyPrinters","env":{"LD_LIBRARY_PATH":"/tools/Xilinx/Vitis/2023.2/tps/lnx64/python-3.8.3/lib:/tools/Xilinx/Vitis/2023.2/aietools/tps/lnx64/gcc/lib64/:/tools/Xilinx/Vitis/2023.2/tps/lnx64/cmake-3.24.2/libs/Ubuntu/22:/tools/Xilinx/Vitis/2023.2/tps/lnx64/cmake-3.24.2/libs/Ubuntu:/tools/Xilinx/Vitis/2023.2/tps/lnx64/cmake-3.24.2/libs:/tools/Xilinx/Vitis/2023.2/lib/lnx64.o/Ubuntu/22:/tools/Xilinx/Vitis/2023.2/lib/lnx64.o/Ubuntu:/tools/Xilinx/Vitis/2023.2/lib/lnx64.o:/tools/Xilinx/Vitis/2023.2/tps/lnx64/python-3.8.3/lib:/tools/Xilinx/Vitis/2023.2/tps/lnx64/cmake-3.24.2/libs/Ubuntu/22:/tools/Xilinx/Vitis/2023.2/tps/lnx64/cmake-3.24.2/libs/Ubuntu:/tools/Xilinx/Vitis/2023.2/tps/lnx64/cmake-3.24.2/libs:/tools/Xilinx/Vitis/2023.2/lib/lnx64.o:/tools/Xilinx/Vitis/2023.2/lib/lnx64.o/Ubuntu/22:/tools/Xilinx/Vitis/2023.2/lib/lnx64.o/Ubuntu:/tools/Xilinx/Vitis/2023.2/lib/lnx64.o:/tools/Xilinx/Vitis/2023.2/tps/lnx64/python-3.8.3/lib:/tools/Xilinx/Vitis/2023.2/aietools/lib/lnx64.o:/opt/xilinx/xrt/lib","INPUTDIR":"../..","OUTPUTDIR":"./x86simulator_output","ASAN_OPTIONS":"detect_leaks=0","ASAN_SYMBOLIZER_PATH":"/tools/Xilinx/Vitis/2023.2/aietools/lnx64.o/tools/clang/bin/llvm-symbolizer","PACKAGEDIR":"./Work"},"__configUri":"file:///home/yzwu/Desktop/soc_test/aie_component/_ide/.theia/launch.json"} 
2024-02-09 17:48:18 [info] : [Debug Manager] Added breakpoint:main 
2024-02-09 17:48:18 [info] : [Debug Manager] Launch session has started on the configuration 'aie_component_x86_1' 
2024-02-09 17:50:28 [info] : [Debug Manager] Launch session has terminated on the configuration 'aie_component_x86_1' 
2024-02-09 17:50:43 [info] : [Build Server] Build output stream finished - aie_component::x86sim. 
2024-02-09 17:51:09 [info] : [Build Server] Build output stream finished - aie_component::x86sim. 
2024-02-09 17:52:09 [info] : [Debug Manager] Starting launch in 'debug' mode using configuration: {"name":"aie_component_x86_1","debugType":"x86simulator","type":"gdb","x86SimOptions":"${workspaceFolder}/aie_component/build/x86sim/Work/options/x86sim.options","request":"launch","target":"${workspaceFolder}/aie_component/build/x86sim/Work/pthread/sim.out","cwd":"${workspaceFolder}/aie_component/build/x86sim","gdbpath":"${env:XILINX_VITIS}/bin/xgdb","valuesFormatting":"prettyPrinters","env":{"LD_LIBRARY_PATH":"/tools/Xilinx/Vitis/2023.2/tps/lnx64/python-3.8.3/lib:/tools/Xilinx/Vitis/2023.2/aietools/tps/lnx64/gcc/lib64/:/tools/Xilinx/Vitis/2023.2/tps/lnx64/cmake-3.24.2/libs/Ubuntu/22:/tools/Xilinx/Vitis/2023.2/tps/lnx64/cmake-3.24.2/libs/Ubuntu:/tools/Xilinx/Vitis/2023.2/tps/lnx64/cmake-3.24.2/libs:/tools/Xilinx/Vitis/2023.2/lib/lnx64.o/Ubuntu/22:/tools/Xilinx/Vitis/2023.2/lib/lnx64.o/Ubuntu:/tools/Xilinx/Vitis/2023.2/lib/lnx64.o:/tools/Xilinx/Vitis/2023.2/tps/lnx64/python-3.8.3/lib:/tools/Xilinx/Vitis/2023.2/tps/lnx64/cmake-3.24.2/libs/Ubuntu/22:/tools/Xilinx/Vitis/2023.2/tps/lnx64/cmake-3.24.2/libs/Ubuntu:/tools/Xilinx/Vitis/2023.2/tps/lnx64/cmake-3.24.2/libs:/tools/Xilinx/Vitis/2023.2/lib/lnx64.o:/tools/Xilinx/Vitis/2023.2/lib/lnx64.o/Ubuntu/22:/tools/Xilinx/Vitis/2023.2/lib/lnx64.o/Ubuntu:/tools/Xilinx/Vitis/2023.2/lib/lnx64.o:/tools/Xilinx/Vitis/2023.2/tps/lnx64/python-3.8.3/lib:/tools/Xilinx/Vitis/2023.2/aietools/lib/lnx64.o:/opt/xilinx/xrt/lib","INPUTDIR":"../..","OUTPUTDIR":"./x86simulator_output","ASAN_OPTIONS":"detect_leaks=0","ASAN_SYMBOLIZER_PATH":"/tools/Xilinx/Vitis/2023.2/aietools/lnx64.o/tools/clang/bin/llvm-symbolizer","PACKAGEDIR":"./Work"},"__configUri":"file:///home/yzwu/Desktop/soc_test/aie_component/_ide/.theia/launch.json"} 
2024-02-09 17:52:09 [info] : [Debug Manager] Launch session has started on the configuration 'aie_component_x86_1' 
2024-02-09 17:52:14 [info] : [Debug Manager] Launch session has terminated on the configuration 'aie_component_x86_1' 
2024-02-09 17:52:21 [info] : [Debug Manager] Starting launch in 'debug' mode using configuration: {"name":"aie_component_x86_1","debugType":"x86simulator","type":"gdb","x86SimOptions":"${workspaceFolder}/aie_component/build/x86sim/Work/options/x86sim.options","request":"launch","target":"${workspaceFolder}/aie_component/build/x86sim/Work/pthread/sim.out","cwd":"${workspaceFolder}/aie_component/build/x86sim","gdbpath":"${env:XILINX_VITIS}/bin/xgdb","valuesFormatting":"prettyPrinters","env":{"LD_LIBRARY_PATH":"/tools/Xilinx/Vitis/2023.2/tps/lnx64/python-3.8.3/lib:/tools/Xilinx/Vitis/2023.2/aietools/tps/lnx64/gcc/lib64/:/tools/Xilinx/Vitis/2023.2/tps/lnx64/cmake-3.24.2/libs/Ubuntu/22:/tools/Xilinx/Vitis/2023.2/tps/lnx64/cmake-3.24.2/libs/Ubuntu:/tools/Xilinx/Vitis/2023.2/tps/lnx64/cmake-3.24.2/libs:/tools/Xilinx/Vitis/2023.2/lib/lnx64.o/Ubuntu/22:/tools/Xilinx/Vitis/2023.2/lib/lnx64.o/Ubuntu:/tools/Xilinx/Vitis/2023.2/lib/lnx64.o:/tools/Xilinx/Vitis/2023.2/tps/lnx64/python-3.8.3/lib:/tools/Xilinx/Vitis/2023.2/tps/lnx64/cmake-3.24.2/libs/Ubuntu/22:/tools/Xilinx/Vitis/2023.2/tps/lnx64/cmake-3.24.2/libs/Ubuntu:/tools/Xilinx/Vitis/2023.2/tps/lnx64/cmake-3.24.2/libs:/tools/Xilinx/Vitis/2023.2/lib/lnx64.o:/tools/Xilinx/Vitis/2023.2/lib/lnx64.o/Ubuntu/22:/tools/Xilinx/Vitis/2023.2/lib/lnx64.o/Ubuntu:/tools/Xilinx/Vitis/2023.2/lib/lnx64.o:/tools/Xilinx/Vitis/2023.2/tps/lnx64/python-3.8.3/lib:/tools/Xilinx/Vitis/2023.2/aietools/lib/lnx64.o:/opt/xilinx/xrt/lib","INPUTDIR":"../..","OUTPUTDIR":"./x86simulator_output","ASAN_OPTIONS":"detect_leaks=0","ASAN_SYMBOLIZER_PATH":"/tools/Xilinx/Vitis/2023.2/aietools/lnx64.o/tools/clang/bin/llvm-symbolizer","PACKAGEDIR":"./Work"},"__configUri":"file:///home/yzwu/Desktop/soc_test/aie_component/_ide/.theia/launch.json"} 
2024-02-09 17:52:21 [info] : [Debug Manager] Launch session has started on the configuration 'aie_component_x86_1' 
2024-02-09 17:52:40 [info] : [Debug Manager] Launch session has terminated on the configuration 'aie_component_x86_1' 
2024-02-09 17:55:07 [info] : [Build Server] Build output stream finished - aie_component::x86sim. 
2024-02-09 18:00:04 [info] : [Build Server] Build output stream finished - aie_component::x86sim. 
2024-02-09 18:14:50 [info] : [Build Server] Build output stream finished - aie_component::x86sim. 
2024-02-09 18:16:07 [info] : [Debug Manager] Starting launch in 'run' mode using configuration: {"name":"vadd_sw_emu","debugType":"sw_emu","type":"gdb","request":"launch","target":"${workspaceFolder}/vadd_host/build/x86sim/vadd_host","applicationProjectDir":"${workspaceFolder}/vadd","arguments":"${workspaceFolder}/vadd/build/sw_emu/package/binary_container_1.xclbin","cwd":"${workspaceFolder}/vadd/build/sw_emu/vadd_sw_emu","gdbpath":"${env:XILINX_VITIS}/bin/xgdb","valuesFormatting":"prettyPrinters","env":{"XILINX_VITIS":"${env:XILINX_VITIS}","XILINX_HLS":"${env:XILINX_VITIS}","XCL_EMULATION_MODE":"sw_emu","ENABLE_KERNEL_DEBUG":"true","XRT_INI_PATH":"${workspaceFolder}/vadd/vadd_host/runtime/sw_emu_xrt.ini","XCL_BIN_PATH":"${workspaceFolder}/vadd/build/sw_emu/package","LD_LIBRARY_PATH":"${env:XILINX_XRT}/lib"},"__configUri":"file:///home/yzwu/Desktop/soc_test/vadd/_ide/.theia/launch.json"} 
2024-02-09 18:16:07 [info] : [Debug Manager] Disabling breakpoints in the tool to enable run mode for 'vadd_sw_emu'. 
2024-02-09 18:16:07 [info] : [Debug Manager] Launch session has started on the configuration 'vadd_sw_emu' 
2024-02-09 18:16:07 [info] : [Debug Manager] Launch session has terminated on the configuration 'vadd_sw_emu' 
2024-02-09 18:16:07 [info] : [Debug Manager] Enabling breakpoints after running the application using 'vadd_sw_emu'. 
2024-02-09 18:18:26 [info] : [Build Server] Build output stream finished - aie_component::x86sim. 
2024-02-09 21:55:43 [info] : [Build Server] Build output stream finished - aie_component::x86sim. 
2024-02-09 21:57:07 [info] : [Build Server] Build output stream finished - aie_component::x86sim. 
2024-02-09 22:12:16 [info] : [Build Server] Build output stream finished - aie_component::x86sim. 
2024-02-09 22:14:37 [info] : [Build Server] Build output stream finished - aie_component::x86sim. 
2024-02-09 22:15:41 [info] : [Build Server] Build output stream finished - aie_component::x86sim. 
2024-02-09 22:17:59 [info] : [Build Server] Build output stream finished - aie_component::x86sim. 
2024-02-09 22:24:41 [info] : [Debug Manager] Starting launch in 'run' mode using configuration: {"name":"vadd_sw_emu","debugType":"sw_emu","type":"gdb","request":"launch","target":"${workspaceFolder}/vadd_host/build/x86sim/vadd_host","applicationProjectDir":"${workspaceFolder}/vadd","arguments":"${workspaceFolder}/vadd/build/sw_emu/package/binary_container_1.xclbin","cwd":"${workspaceFolder}/vadd/build/sw_emu/vadd_sw_emu","gdbpath":"${env:XILINX_VITIS}/bin/xgdb","valuesFormatting":"prettyPrinters","env":{"XILINX_VITIS":"${env:XILINX_VITIS}","XILINX_HLS":"${env:XILINX_VITIS}","XCL_EMULATION_MODE":"sw_emu","ENABLE_KERNEL_DEBUG":"true","XRT_INI_PATH":"${workspaceFolder}/vadd/vadd_host/runtime/sw_emu_xrt.ini","XCL_BIN_PATH":"${workspaceFolder}/vadd/build/sw_emu/package","LD_LIBRARY_PATH":"${env:XILINX_XRT}/lib"},"__configUri":"file:///home/yzwu/Desktop/soc_test/vadd/_ide/.theia/launch.json"} 
2024-02-09 22:24:42 [info] : [Debug Manager] Disabling breakpoints in the tool to enable run mode for 'vadd_sw_emu'. 
2024-02-09 22:24:42 [info] : [Debug Manager] Launch session has started on the configuration 'vadd_sw_emu' 
2024-02-09 22:24:42 [info] : [Debug Manager] Launch session has terminated on the configuration 'vadd_sw_emu' 
2024-02-09 22:24:42 [info] : [Debug Manager] Enabling breakpoints after running the application using 'vadd_sw_emu'. 
2024-02-09 22:29:57 [info] : [Build Server] Build output stream finished - aie_component::x86sim. 
2024-02-09 22:30:27 [info] : [Build Server] Build output stream finished - aie_component::x86sim. 
2024-02-09 22:30:45 [info] : [Build Server] Build output stream finished - aie_component::x86sim. 
2024-02-09 22:31:05 [info] : [Build Server] Build output stream finished - aie_component::x86sim. 
2024-02-09 22:35:13 [info] : [Build Server] Build output stream finished - aie_component::x86sim. 
2024-02-09 22:42:18 [info] : [Build Server] Build output stream finished - aie_component::x86sim. 
2024-02-09 22:55:33 [info] : [Build Server] Build output stream finished - aie_component::x86sim. 
2024-02-09 22:56:33 [info] : [Build Server] Build output stream finished - aie_component::x86sim. 
2024-02-09 22:56:56 [info] : [Build Server] Build output stream finished - aie_component::x86sim. 
2024-02-09 22:59:42 [info] : [Build Server] Build output stream finished - aie_component::x86sim. 
2024-02-09 23:06:04 [info] : [Build Server] Build output stream finished - aie_component::x86sim. 
2024-02-09 23:08:54 [info] : [Build Server] Build output stream finished - aie_component::x86sim. 
2024-02-09 23:10:53 [info] : [Build Server] Build output stream finished - aie_component::x86sim. 
2024-02-09 23:12:37 [info] : [Build Server] Build output stream finished - aie_component::x86sim. 
2024-02-09 23:14:10 [info] : [Build Server] Build output stream finished - aie_component::x86sim. 
2024-02-09 23:14:32 [info] : [Build Server] Build output stream finished - aie_component::x86sim. 
2024-02-09 23:15:38 [info] : [Build Server] Build output stream finished - aie_component::x86sim. 
2024-02-09 23:22:06 [info] : [Build Server] Build output stream finished - aie_component::x86sim. 
2024-02-09 23:23:03 [info] : [Build Server] Build output stream finished - aie_component::x86sim. 
2024-02-09 23:23:25 [info] : [Debug Manager] Starting launch in 'run' mode using configuration: {"name":"vadd_sw_emu","debugType":"sw_emu","type":"gdb","request":"launch","target":"${workspaceFolder}/vadd_host/build/x86sim/vadd_host","applicationProjectDir":"${workspaceFolder}/vadd","arguments":"${workspaceFolder}/vadd/build/sw_emu/package/binary_container_1.xclbin","cwd":"${workspaceFolder}/vadd/build/sw_emu/vadd_sw_emu","gdbpath":"${env:XILINX_VITIS}/bin/xgdb","valuesFormatting":"prettyPrinters","env":{"XILINX_VITIS":"${env:XILINX_VITIS}","XILINX_HLS":"${env:XILINX_VITIS}","XCL_EMULATION_MODE":"sw_emu","ENABLE_KERNEL_DEBUG":"true","XRT_INI_PATH":"${workspaceFolder}/vadd/vadd_host/runtime/sw_emu_xrt.ini","XCL_BIN_PATH":"${workspaceFolder}/vadd/build/sw_emu/package","LD_LIBRARY_PATH":"${env:XILINX_XRT}/lib"},"__configUri":"file:///home/yzwu/Desktop/soc_test/vadd/_ide/.theia/launch.json"} 
2024-02-09 23:23:25 [info] : [Debug Manager] Disabling breakpoints in the tool to enable run mode for 'vadd_sw_emu'. 
2024-02-09 23:23:26 [info] : [Debug Manager] Launch session has started on the configuration 'vadd_sw_emu' 
2024-02-09 23:23:26 [info] : [Debug Manager] Launch session has terminated on the configuration 'vadd_sw_emu' 
2024-02-09 23:23:26 [info] : [Debug Manager] Enabling breakpoints after running the application using 'vadd_sw_emu'. 
2024-02-09 23:24:45 [info] : [Build Server] Build output stream finished - vadd::sw_emu. 
2024-02-09 23:24:48 [info] : [Debug Manager] Starting launch in 'run' mode using configuration: {"name":"vadd_sw_emu","debugType":"sw_emu","type":"gdb","request":"launch","target":"${workspaceFolder}/vadd_host/build/x86sim/vadd_host","applicationProjectDir":"${workspaceFolder}/vadd","arguments":"${workspaceFolder}/vadd/build/sw_emu/package/binary_container_1.xclbin","cwd":"${workspaceFolder}/vadd/build/sw_emu/vadd_sw_emu","gdbpath":"${env:XILINX_VITIS}/bin/xgdb","valuesFormatting":"prettyPrinters","env":{"XILINX_VITIS":"${env:XILINX_VITIS}","XILINX_HLS":"${env:XILINX_VITIS}","XCL_EMULATION_MODE":"sw_emu","ENABLE_KERNEL_DEBUG":"true","XRT_INI_PATH":"${workspaceFolder}/vadd/vadd_host/runtime/sw_emu_xrt.ini","XCL_BIN_PATH":"${workspaceFolder}/vadd/build/sw_emu/package","LD_LIBRARY_PATH":"${env:XILINX_XRT}/lib"},"__configUri":"file:///home/yzwu/Desktop/soc_test/vadd/_ide/.theia/launch.json"} 
2024-02-09 23:24:49 [info] : [Debug Manager] Disabling breakpoints in the tool to enable run mode for 'vadd_sw_emu'. 
2024-02-09 23:24:49 [info] : [Debug Manager] Launch session has started on the configuration 'vadd_sw_emu' 
2024-02-09 23:24:49 [info] : [Debug Manager] Launch session has terminated on the configuration 'vadd_sw_emu' 
2024-02-09 23:24:49 [info] : [Debug Manager] Enabling breakpoints after running the application using 'vadd_sw_emu'. 
2024-02-10 16:28:31 [info] : [Build Server] Build output stream finished - matrix_plio::x86sim. 
2024-02-10 16:32:32 [info] : [Build Server] Build output stream finished - matrix_plio::x86sim. 
2024-02-10 16:34:15 [info] : [Build Server] Build output stream finished - matrix_plio::hw. 
2024-02-10 16:36:58 [info] : [Build Server] Build output stream finished - matrix_plio::hw. 
2024-02-10 16:49:30 [info] : [Build Server] Build output stream finished - aie_component::hw. 
2024-02-10 16:55:45 [info] : [Build Server] Build output stream finished - aie_component::hw. 
2024-02-10 16:56:32 [info] : [Build Server] Build output stream finished - aie_component::hw. 
2024-02-10 17:05:49 [info] : [Build Server] Build output stream finished - aie_component::hw. 
2024-02-10 17:10:10 [info] : [Build Server] Build output stream finished - aie_component::x86sim. 
2024-02-11 11:38:02 [info] : [Build Server] Build output stream finished - matrix_plio::x86sim. 
2024-02-11 16:24:00 [info] : [Build Server] Build output stream finished - matrix_plio::hw. 
2024-02-11 16:26:02 [info] : [Build Server] Build output stream finished - matrix_plio::hw. 
2024-02-11 16:27:38 [info] : [Build Server] Build output stream finished - matrix_plio::x86sim. 
2024-02-11 20:39:43 [info] : [Build Server] Build output stream finished - matrix_block::x86sim. 
2024-02-11 20:41:33 [info] : [Build Server] Build output stream finished - matrix_block::x86sim. 
2024-02-11 20:42:56 [info] : [Build Server] Build output stream finished - matrix_block::x86sim. 
2024-02-11 20:43:59 [info] : [Build Server] Build output stream finished - matrix_block::x86sim. 
2024-02-11 20:45:44 [info] : [Build Server] Build output stream finished - matrix_block::x86sim. 
2024-02-11 20:46:54 [info] : [Build Server] Build output stream finished - matrix_block::x86sim. 
2024-02-11 20:47:40 [info] : [Build Server] Build output stream finished - matrix_block::x86sim. 
2024-02-11 21:00:13 [info] : [Build Server] Build output stream finished - matrix_block::x86sim. 
2024-02-11 21:05:01 [info] : [Build Server] Build output stream finished - matrix_block::x86sim. 
2024-02-11 21:06:08 [info] : [Build Server] Build output stream finished - matrix_block::x86sim. 
2024-02-11 21:10:10 [info] : [Build Server] Build output stream finished - matrix_block::x86sim. 
2024-02-11 21:11:34 [info] : [Build Server] Build output stream finished - matrix_block::x86sim. 
2024-02-11 21:12:24 [info] : [Build Server] Build output stream finished - matrix_block::x86sim. 
2024-02-11 21:13:10 [info] : [Build Server] Build output stream finished - matrix_block::x86sim. 
2024-02-11 21:15:33 [info] : [Build Server] Clean output stream finished - matrix_block::x86sim. 
2024-02-11 21:17:14 [info] : [Build Server] Build output stream finished - matrix_block::x86sim. 
2024-02-11 21:18:21 [info] : [Build Server] Build output stream finished - matrix_block::x86sim. 
2024-02-11 21:21:30 [info] : [Build Server] Build output stream finished - matrix_block::x86sim. 
2024-02-11 21:22:50 [info] : [Build Server] Build output stream finished - matrix_block::x86sim. 
2024-02-11 21:26:25 [info] : [Build Server] Build output stream finished - matrix_block::x86sim. 
2024-02-11 21:29:19 [info] : [Build Server] Build output stream finished - matrix_block::x86sim. 
2024-02-11 21:31:01 [info] : [Build Server] Build output stream finished - matrix_block::x86sim. 
2024-02-11 21:32:37 [info] : [Build Server] Build output stream finished - matrix_block::x86sim. 
2024-02-11 21:34:12 [info] : [Build Server] Build output stream finished - matrix_block::hw. 
2024-02-11 21:36:18 [info] : [Build Server] Build output stream finished - matrix_block::hw. 
2024-02-11 21:39:38 [info] : [Build Server] Build output stream finished - matrix_block::hw. 
2024-02-11 21:41:15 [info] : [Build Server] Build output stream finished - matrix_block::hw. 
2024-02-11 21:42:37 [info] : [Build Server] Build output stream finished - matrix_block::x86sim. 
2024-02-11 21:43:08 [info] : [Build Server] Clean output stream finished - matrix_block::x86sim. 
2024-02-11 21:43:10 [info] : [Build Server] Clean output stream finished - matrix_block::hw. 
2024-02-11 21:45:07 [info] : [Build Server] Build output stream finished - matrix_blo::x86sim. 
2024-02-11 21:45:53 [info] : [Build Server] Build output stream finished - matrix_blo::hw. 
2024-02-11 21:47:28 [info] : [Build Server] Build output stream finished - matrix_blo::hw. 
2024-02-11 21:49:52 [info] : [Build Server] Build output stream finished - matrix_blo::hw. 
2024-02-11 21:50:15 [info] : [Debug Manager] Starting launch in 'debug' mode using configuration: {"type":"tcf-debug","request":"launch","name":"matrix_blo_aiesim_1","debugType":"aiesimulator","autoAttachProcessChildren":false,"target":{"targetConnectionId":"XRTServer","peersIniPath":"../../../.peers.ini","context":"MemSock"},"aieSimulatorOptions":{"enablePipelineView":false,"packageDirectory":"./Work","inputDirectory":"../..","additionalArgs":"","trace":{"enableTrace":false,"traceType":"onlineWdb","vcdFileName":"foo","generateXpe":false,"traceModules":{"io":true,"dma":true,"memory":true,"core":true,"shim":true,"streamSwitch":true},"columnSelectionForTrace":[],"rowSelectionForTrace":[],"timeWindowForTrace":{"start":"","end":""}},"profile":{"enableProfiling":false,"profileAllCores":true,"cores":""}},"internalConsoleOptions":"openOnSessionStart","__configUri":"file:///home/yzwu/Desktop/soc_test/matrix_blo/_ide/.theia/launch.json"} 
2024-02-11 21:50:15 [info] : [Debug Manager] Launch session has terminated on the configuration 'matrix_blo_aiesim_1' 
2024-02-11 21:54:06 [info] : [Build Server] Build output stream finished - matrix_blo::x86sim. 
2024-02-11 21:55:08 [info] : [Build Server] Build output stream finished - matrix_blo::x86sim. 
2024-02-11 21:56:16 [info] : [Build Server] Build output stream finished - matrix_blo::x86sim. 
2024-02-11 21:58:02 [info] : [Build Server] Build output stream finished - matrix_blo::x86sim. 
2024-02-11 21:58:24 [info] : [Debug Manager] Starting launch in 'debug' mode using configuration: {"name":"matrix_blo_x86_1","debugType":"x86simulator","type":"gdb","x86SimOptions":"${workspaceFolder}/matrix_blo/build/x86sim/Work/options/x86sim.options","request":"launch","target":"${workspaceFolder}/matrix_blo/build/x86sim/Work/pthread/sim.out","cwd":"${workspaceFolder}/matrix_blo/build/x86sim","gdbpath":"${env:XILINX_VITIS}/bin/xgdb","valuesFormatting":"prettyPrinters","env":{"LD_LIBRARY_PATH":"/tools/Xilinx/Vitis/2023.2/tps/lnx64/python-3.8.3/lib:/tools/Xilinx/Vitis/2023.2/aietools/tps/lnx64/gcc/lib64/:/tools/Xilinx/Vitis/2023.2/tps/lnx64/cmake-3.24.2/libs/Ubuntu/22:/tools/Xilinx/Vitis/2023.2/tps/lnx64/cmake-3.24.2/libs/Ubuntu:/tools/Xilinx/Vitis/2023.2/tps/lnx64/cmake-3.24.2/libs:/tools/Xilinx/Vitis/2023.2/lib/lnx64.o/Ubuntu/22:/tools/Xilinx/Vitis/2023.2/lib/lnx64.o/Ubuntu:/tools/Xilinx/Vitis/2023.2/lib/lnx64.o:/tools/Xilinx/Vitis/2023.2/tps/lnx64/python-3.8.3/lib:/tools/Xilinx/Vitis/2023.2/tps/lnx64/cmake-3.24.2/libs/Ubuntu/22:/tools/Xilinx/Vitis/2023.2/tps/lnx64/cmake-3.24.2/libs/Ubuntu:/tools/Xilinx/Vitis/2023.2/tps/lnx64/cmake-3.24.2/libs:/tools/Xilinx/Vitis/2023.2/lib/lnx64.o:/tools/Xilinx/Vitis/2023.2/lib/lnx64.o/Ubuntu/22:/tools/Xilinx/Vitis/2023.2/lib/lnx64.o/Ubuntu:/tools/Xilinx/Vitis/2023.2/lib/lnx64.o:/tools/Xilinx/Vitis/2023.2/tps/lnx64/python-3.8.3/lib:/tools/Xilinx/Vitis/2023.2/aietools/lib/lnx64.o:/opt/xilinx/xrt/lib","INPUTDIR":"../..","OUTPUTDIR":"./x86simulator_output","ASAN_OPTIONS":"detect_leaks=0","ASAN_SYMBOLIZER_PATH":"/tools/Xilinx/Vitis/2023.2/aietools/lnx64.o/tools/clang/bin/llvm-symbolizer","PACKAGEDIR":"./Work"},"__configUri":"file:///home/yzwu/Desktop/soc_test/matrix_blo/_ide/.theia/launch.json"} 
2024-02-11 21:58:25 [info] : [Debug Manager] Launch session has started on the configuration 'matrix_blo_x86_1' 
2024-02-11 21:59:01 [info] : [Debug Manager] Launch session has terminated on the configuration 'matrix_blo_x86_1' 
2024-02-11 21:59:12 [info] : [Debug Manager] Starting launch in 'debug' mode using configuration: {"name":"matrix_blo_x86_1","debugType":"x86simulator","type":"gdb","x86SimOptions":"${workspaceFolder}/matrix_blo/build/x86sim/Work/options/x86sim.options","request":"launch","target":"${workspaceFolder}/matrix_blo/build/x86sim/Work/pthread/sim.out","cwd":"${workspaceFolder}/matrix_blo/build/x86sim","gdbpath":"${env:XILINX_VITIS}/bin/xgdb","valuesFormatting":"prettyPrinters","env":{"LD_LIBRARY_PATH":"/tools/Xilinx/Vitis/2023.2/tps/lnx64/python-3.8.3/lib:/tools/Xilinx/Vitis/2023.2/aietools/tps/lnx64/gcc/lib64/:/tools/Xilinx/Vitis/2023.2/tps/lnx64/cmake-3.24.2/libs/Ubuntu/22:/tools/Xilinx/Vitis/2023.2/tps/lnx64/cmake-3.24.2/libs/Ubuntu:/tools/Xilinx/Vitis/2023.2/tps/lnx64/cmake-3.24.2/libs:/tools/Xilinx/Vitis/2023.2/lib/lnx64.o/Ubuntu/22:/tools/Xilinx/Vitis/2023.2/lib/lnx64.o/Ubuntu:/tools/Xilinx/Vitis/2023.2/lib/lnx64.o:/tools/Xilinx/Vitis/2023.2/tps/lnx64/python-3.8.3/lib:/tools/Xilinx/Vitis/2023.2/tps/lnx64/cmake-3.24.2/libs/Ubuntu/22:/tools/Xilinx/Vitis/2023.2/tps/lnx64/cmake-3.24.2/libs/Ubuntu:/tools/Xilinx/Vitis/2023.2/tps/lnx64/cmake-3.24.2/libs:/tools/Xilinx/Vitis/2023.2/lib/lnx64.o:/tools/Xilinx/Vitis/2023.2/lib/lnx64.o/Ubuntu/22:/tools/Xilinx/Vitis/2023.2/lib/lnx64.o/Ubuntu:/tools/Xilinx/Vitis/2023.2/lib/lnx64.o:/tools/Xilinx/Vitis/2023.2/tps/lnx64/python-3.8.3/lib:/tools/Xilinx/Vitis/2023.2/aietools/lib/lnx64.o:/opt/xilinx/xrt/lib","INPUTDIR":"../..","OUTPUTDIR":"./x86simulator_output","ASAN_OPTIONS":"detect_leaks=0","ASAN_SYMBOLIZER_PATH":"/tools/Xilinx/Vitis/2023.2/aietools/lnx64.o/tools/clang/bin/llvm-symbolizer","PACKAGEDIR":"./Work"},"__configUri":"file:///home/yzwu/Desktop/soc_test/matrix_blo/_ide/.theia/launch.json"} 
2024-02-11 21:59:12 [info] : [Debug Manager] Launch session has started on the configuration 'matrix_blo_x86_1' 
2024-02-11 21:59:33 [info] : [Debug Manager] Launch session has terminated on the configuration 'matrix_blo_x86_1' 
2024-02-11 22:01:05 [info] : [Build Server] Build output stream finished - matrix_blo::x86sim. 
2024-02-11 22:01:31 [info] : [Build Server] Build output stream finished - aie_component::hw. 
2024-02-11 22:03:40 [info] : [Debug Manager] Starting launch in 'debug' mode using configuration: {"type":"tcf-debug","request":"launch","name":"matrix_blo_aiesim_1","debugType":"aiesimulator","autoAttachProcessChildren":false,"target":{"targetConnectionId":"XRTServer","peersIniPath":"../../../.peers.ini","context":"MemSock"},"aieSimulatorOptions":{"enablePipelineView":false,"packageDirectory":"./Work","inputDirectory":"../..","additionalArgs":"","trace":{"enableTrace":false,"traceType":"onlineWdb","vcdFileName":"foo","generateXpe":false,"traceModules":{"io":true,"dma":true,"memory":true,"core":true,"shim":true,"streamSwitch":true},"columnSelectionForTrace":[],"rowSelectionForTrace":[],"timeWindowForTrace":{"start":"","end":""}},"profile":{"enableProfiling":false,"profileAllCores":true,"cores":""}},"internalConsoleOptions":"openOnSessionStart","__configUri":"file:///home/yzwu/Desktop/soc_test/matrix_blo/_ide/.theia/launch.json"} 
2024-02-11 22:03:40 [info] : [Debug Manager] Launch session has started on the configuration 'matrix_blo_aiesim_1' 
2024-02-11 22:05:45 [info] : [Debug Manager] Launch session has terminated on the configuration 'matrix_blo_aiesim_1' 
2024-02-11 22:05:53 [info] : [Debug Manager] Starting launch in 'debug' mode using configuration: {"type":"tcf-debug","request":"launch","name":"matrix_blo_aiesim_1","debugType":"aiesimulator","autoAttachProcessChildren":false,"target":{"targetConnectionId":"XRTServer","peersIniPath":"../../../.peers.ini","context":"MemSock"},"aieSimulatorOptions":{"enablePipelineView":false,"packageDirectory":"./Work","inputDirectory":"../..","additionalArgs":"","trace":{"enableTrace":false,"traceType":"onlineWdb","vcdFileName":"foo","generateXpe":false,"traceModules":{"io":true,"dma":true,"memory":true,"core":true,"shim":true,"streamSwitch":true},"columnSelectionForTrace":[],"rowSelectionForTrace":[],"timeWindowForTrace":{"start":"","end":""}},"profile":{"enableProfiling":false,"profileAllCores":true,"cores":""}},"internalConsoleOptions":"openOnSessionStart","__configUri":"file:///home/yzwu/Desktop/soc_test/matrix_blo/_ide/.theia/launch.json"} 
2024-02-11 22:05:54 [info] : [Debug Manager] Launch session has started on the configuration 'matrix_blo_aiesim_1' 
2024-02-11 22:08:35 [info] : [Build Server] Build output stream finished - matrix_blo::hw. 
2024-02-11 22:08:54 [info] : [Debug Manager] Launch session has terminated on the configuration 'matrix_blo_aiesim_1' 
2024-02-11 22:17:58 [info] : [Debug Manager] Starting launch in 'debug' mode using configuration: {"type":"tcf-debug","request":"launch","name":"matrix_blo_aiesim_1","debugType":"aiesimulator","autoAttachProcessChildren":false,"target":{"targetConnectionId":"XRTServer","peersIniPath":"../../../.peers.ini","context":"MemSock"},"aieSimulatorOptions":{"enablePipelineView":false,"packageDirectory":"./Work","inputDirectory":"../..","additionalArgs":"","trace":{"enableTrace":false,"traceType":"onlineWdb","vcdFileName":"foo","generateXpe":false,"traceModules":{"io":true,"dma":true,"memory":true,"core":true,"shim":true,"streamSwitch":true},"columnSelectionForTrace":[],"rowSelectionForTrace":[],"timeWindowForTrace":{"start":"","end":""}},"profile":{"enableProfiling":false,"profileAllCores":true,"cores":""}},"internalConsoleOptions":"openOnSessionStart","__configUri":"file:///home/yzwu/Desktop/soc_test/matrix_blo/_ide/.theia/launch.json"} 
2024-02-11 22:17:59 [info] : [Debug Manager] Launch session has started on the configuration 'matrix_blo_aiesim_1' 
2024-02-11 22:18:57 [info] : [Debug Manager] Launch session has terminated on the configuration 'matrix_blo_aiesim_1' 
2024-02-12 10:49:50 [info] : [Build Server] Build output stream finished - aie_component::x86sim. 
2024-02-12 10:57:35 [info] : [Build Server] Build output stream finished - aie_component::x86sim. 
2024-02-12 10:59:59 [info] : [Build Server] Build output stream finished - aie_component::x86sim. 
2024-02-12 11:01:59 [info] : [Build Server] Build output stream finished - aie_component::x86sim. 
2024-02-12 11:03:15 [info] : [Build Server] Build output stream finished - aie_component::x86sim. 
2024-02-12 11:03:48 [info] : [Build Server] Build output stream finished - aie_component::x86sim. 
2024-02-12 11:14:56 [info] : [Build Server] Build output stream finished - aie_component::x86sim. 
2024-02-12 11:17:05 [info] : [Build Server] Build output stream finished - aie_component::x86sim. 
2024-02-12 11:18:48 [info] : [Build Server] Build output stream finished - aie_component::x86sim. 
2024-02-12 11:21:35 [info] : [Build Server] Build output stream finished - aie_component::hw. 
2024-02-12 11:31:07 [info] : [Build Server] Build output stream finished - aie_component::x86sim. 
2024-02-12 11:31:44 [info] : [Debug Manager] Starting launch in 'debug' mode using configuration: {"name":"aie_component_x86_1","debugType":"x86simulator","type":"gdb","x86SimOptions":"${workspaceFolder}/aie_component/build/x86sim/Work/options/x86sim.options","request":"launch","target":"${workspaceFolder}/aie_component/build/x86sim/Work/pthread/sim.out","cwd":"${workspaceFolder}/aie_component/build/x86sim","gdbpath":"${env:XILINX_VITIS}/bin/xgdb","valuesFormatting":"prettyPrinters","env":{"LD_LIBRARY_PATH":"/tools/Xilinx/Vitis/2023.2/tps/lnx64/python-3.8.3/lib:/tools/Xilinx/Vitis/2023.2/aietools/tps/lnx64/gcc/lib64/:/tools/Xilinx/Vitis/2023.2/tps/lnx64/cmake-3.24.2/libs/Ubuntu/22:/tools/Xilinx/Vitis/2023.2/tps/lnx64/cmake-3.24.2/libs/Ubuntu:/tools/Xilinx/Vitis/2023.2/tps/lnx64/cmake-3.24.2/libs:/tools/Xilinx/Vitis/2023.2/lib/lnx64.o/Ubuntu/22:/tools/Xilinx/Vitis/2023.2/lib/lnx64.o/Ubuntu:/tools/Xilinx/Vitis/2023.2/lib/lnx64.o:/tools/Xilinx/Vitis/2023.2/tps/lnx64/python-3.8.3/lib:/tools/Xilinx/Vitis/2023.2/tps/lnx64/cmake-3.24.2/libs/Ubuntu/22:/tools/Xilinx/Vitis/2023.2/tps/lnx64/cmake-3.24.2/libs/Ubuntu:/tools/Xilinx/Vitis/2023.2/tps/lnx64/cmake-3.24.2/libs:/tools/Xilinx/Vitis/2023.2/lib/lnx64.o:/tools/Xilinx/Vitis/2023.2/lib/lnx64.o/Ubuntu/22:/tools/Xilinx/Vitis/2023.2/lib/lnx64.o/Ubuntu:/tools/Xilinx/Vitis/2023.2/lib/lnx64.o:/tools/Xilinx/Vitis/2023.2/tps/lnx64/python-3.8.3/lib:/tools/Xilinx/Vitis/2023.2/aietools/lib/lnx64.o:/opt/xilinx/xrt/lib","INPUTDIR":"../..","OUTPUTDIR":"./x86simulator_output","ASAN_OPTIONS":"detect_leaks=0","ASAN_SYMBOLIZER_PATH":"/tools/Xilinx/Vitis/2023.2/aietools/lnx64.o/tools/clang/bin/llvm-symbolizer","PACKAGEDIR":"./Work"},"__configUri":"file:///home/yzwu/Desktop/soc_test/matrix_gmio/_ide/.theia/launch.json"} 
2024-02-12 11:31:45 [info] : [Debug Manager] Launch session has started on the configuration 'aie_component_x86_1' 
2024-02-12 11:31:46 [info] : [Debug Manager] Launch session has terminated on the configuration 'aie_component_x86_1' 
2024-02-12 11:34:37 [info] : [Build Server] Build output stream finished - aie_component::x86sim. 
2024-02-12 11:35:42 [info] : [Build Server] Build output stream finished - aie_component::x86sim. 
2024-02-12 11:38:31 [info] : [Build Server] Build output stream finished - aie_component::x86sim. 
2024-02-12 11:39:41 [info] : [Build Server] Build output stream finished - aie_component::hw. 
2024-02-12 11:46:06 [info] : [Build Server] Build output stream finished - matrix_plio_vec::x86sim. 
2024-02-12 11:51:11 [info] : [Build Server] Build output stream finished - matrix_plio_vec::hw. 
2024-02-12 12:12:09 [info] : [Build Server] Build output stream finished - matrix_plio_vec::x86sim. 
2024-02-12 12:20:04 [info] : [Build Server] Build output stream finished - matrix_plio_vec::x86sim. 
2024-02-12 12:23:09 [info] : [Build Server] Build output stream finished - matrix_plio_vec::x86sim. 
2024-02-12 12:25:33 [info] : [Build Server] Build output stream finished - matrix_plio_vec::hw. 
2024-02-12 12:29:09 [info] : [Build Server] Build output stream finished - matrix_plio_vec::hw. 
2024-02-12 12:34:32 [info] : [Debug Manager] Starting launch in 'debug' mode using configuration: {"type":"tcf-debug","request":"launch","name":"aie_component_aiesim_1","debugType":"aiesimulator","autoAttachProcessChildren":false,"target":{"targetConnectionId":"XRTServer","peersIniPath":"../../../.peers.ini","context":"MemSock"},"aieSimulatorOptions":{"enablePipelineView":false,"packageDirectory":"./Work","inputDirectory":"../..","additionalArgs":"","trace":{"enableTrace":true,"traceType":"onlineWdb","vcdFileName":"foo","generateXpe":false,"traceModules":{"io":true,"dma":true,"memory":true,"core":true,"shim":true,"streamSwitch":true},"columnSelectionForTrace":[],"rowSelectionForTrace":[],"timeWindowForTrace":{"start":"","end":""}},"profile":{"enableProfiling":true,"profileAllCores":true,"cores":""}},"internalConsoleOptions":"openOnSessionStart","__configUri":"file:///home/yzwu/Desktop/soc_test/matrix_plio_vec/_ide/.theia/launch.json"} 
2024-02-12 12:34:32 [info] : [Debug Manager] Launch session has started on the configuration 'aie_component_aiesim_1' 
2024-02-12 12:34:45 [info] : [Debug Manager] Launch session has terminated on the configuration 'aie_component_aiesim_1' 
2024-02-12 12:34:55 [info] : [Debug Manager] Starting launch in 'debug' mode using configuration: {"type":"tcf-debug","request":"launch","name":"aie_component_aiesim_1","debugType":"aiesimulator","autoAttachProcessChildren":false,"target":{"targetConnectionId":"XRTServer","peersIniPath":"../../../.peers.ini","context":"MemSock"},"aieSimulatorOptions":{"enablePipelineView":false,"packageDirectory":"./Work","inputDirectory":"../..","additionalArgs":"","trace":{"enableTrace":true,"traceType":"onlineWdb","vcdFileName":"foo","generateXpe":false,"traceModules":{"io":true,"dma":true,"memory":true,"core":true,"shim":true,"streamSwitch":true},"columnSelectionForTrace":[],"rowSelectionForTrace":[],"timeWindowForTrace":{"start":"","end":""}},"profile":{"enableProfiling":true,"profileAllCores":true,"cores":""}},"internalConsoleOptions":"openOnSessionStart","__configUri":"file:///home/yzwu/Desktop/soc_test/matrix_plio_vec/_ide/.theia/launch.json"} 
2024-02-12 12:34:55 [info] : [Debug Manager] Launch session has started on the configuration 'aie_component_aiesim_1' 
2024-02-12 12:36:31 [info] : [Debug Manager] Launch session has terminated on the configuration 'aie_component_aiesim_1' 
2024-02-12 12:36:45 [info] : [Build Server] Build output stream finished - matrix_plio_vec::hw. 
2024-02-12 12:38:49 [info] : [Build Server] Build output stream finished - matrix_plio_vec::x86sim. 
2024-02-12 12:39:51 [info] : [Build Server] Build output stream finished - matrix_plio_vec::x86sim. 
2024-02-12 12:41:59 [info] : [Build Server] Build output stream finished - matrix_plio_vec::x86sim. 
2024-02-12 12:44:16 [info] : [Build Server] Build output stream finished - matrix_plio_vec::x86sim. 
2024-02-12 14:10:04 [info] : [Build Server] Build output stream finished - matrix_plio_vec::x86sim. 
2024-02-12 14:18:12 [info] : [Build Server] Build output stream finished - matrix_plio_vec::x86sim. 
2024-02-12 14:21:35 [info] : [Build Server] Build output stream finished - matrix_plio_vec::hw. 
2024-02-12 14:27:43 [info] : [Build Server] Build output stream finished - matrix_plio_vec::x86sim. 
2024-02-12 14:34:45 [info] : [Build Server] Build output stream finished - matrix_plio_vec::x86sim. 
2024-02-12 14:41:17 [info] : [Build Server] Build output stream finished - matrix_plio_vec::x86sim. 
2024-02-12 14:42:35 [info] : [Build Server] Build output stream finished - matrix_plio_vec::x86sim. 
2024-02-12 14:47:04 [info] : [Build Server] Build output stream finished - matrix_plio_vec::x86sim. 
2024-02-12 15:12:37 [info] : [Build Server] Build output stream finished - matrix_plio_vec::x86sim. 
2024-02-12 15:14:45 [info] : [Build Server] Build output stream finished - matrix_plio_vec::x86sim. 
2024-02-12 15:17:01 [info] : [Build Server] Build output stream finished - matrix_plio_vec::hw. 
2024-02-12 15:22:42 [info] : [Build Server] Build output stream finished - matrix_plio_vec::x86sim. 
2024-02-12 15:23:28 [info] : [Build Server] Build output stream finished - aie_component::x86sim. 
2024-02-12 15:25:40 [info] : [Build Server] Build output stream finished - matrix_plio_vec::x86sim. 
2024-02-12 15:29:10 [info] : [Build Server] Build output stream finished - matrix_plio_vec::x86sim. 
2024-02-12 15:30:01 [info] : [Build Server] Build output stream finished - matrix_plio_vec::x86sim. 
2024-02-12 15:31:46 [info] : [Build Server] Build output stream finished - matrix_plio_vec::x86sim. 
2024-02-12 15:33:46 [info] : [Build Server] Build output stream finished - matrix_plio_vec::x86sim. 
2024-02-12 15:35:55 [info] : [Build Server] Build output stream finished - matrix_plio_vec::x86sim. 
2024-02-12 15:37:24 [info] : [Build Server] Build output stream finished - matrix_plio_vec::hw. 
2024-02-12 15:46:13 [info] : [Build Server] Build output stream finished - matrix_plio_vec::x86sim. 
2024-02-12 15:46:50 [info] : [Build Server] Build output stream finished - matrix_plio_vec::x86sim. 
2024-02-12 15:51:00 [info] : [Build Server] Build output stream finished - matrix_plio_vec::x86sim. 
2024-02-12 15:55:37 [info] : [Build Server] Build output stream finished - matrix_plio_vec::x86sim. 
2024-02-12 15:57:17 [info] : [Build Server] Build output stream finished - matrix_plio_vec::hw. 
2024-02-12 16:03:54 [info] : [Build Server] Build output stream finished - matrix_plio_vec::hw. 
2024-02-12 16:06:09 [info] : [Build Server] Build output stream finished - matrix_plio_vec::x86sim. 
2024-02-12 16:10:36 [info] : [Build Server] Build output stream finished - matrix_plio_vec::x86sim. 
2024-02-12 16:12:15 [info] : [Build Server] Build output stream finished - matrix_plio_vec::x86sim. 
2024-02-12 16:13:06 [info] : [Build Server] Build output stream finished - matrix_plio_vec::hw. 
2024-02-12 16:21:07 [info] : [Build Server] Build output stream finished - matrix_plio_vec::x86sim. 
2024-02-12 16:22:03 [info] : [Build Server] Build output stream finished - matrix_plio_vec::hw. 
2024-02-12 16:25:21 [info] : [Build Server] Build output stream finished - matrix_plio_vec::x86sim. 
2024-02-12 16:26:23 [info] : [Build Server] Build output stream finished - matrix_plio_vec::hw. 
2024-02-12 16:28:46 [info] : [Build Server] Build output stream finished - matrix_plio_vec::x86sim. 
2024-02-12 16:29:33 [info] : [Build Server] Build output stream finished - matrix_plio_vec::hw. 
2024-02-12 16:50:57 [info] : [Build Server] Build output stream finished - matrix_plio_vec::hw. 
2024-02-12 16:52:58 [info] : [Build Server] Build output stream finished - matrix_plio::hw. 
2024-02-12 16:57:32 [info] : [Build Server] Build output stream finished - matrix_plio_vec::hw. 
2024-02-12 17:06:03 [info] : [Build Server] Build output stream finished - matrix_plio::hw. 
2024-02-12 17:10:31 [info] : [Build Server] Build output stream finished - matrix_plio::hw. 
2024-02-12 17:19:35 [info] : [Build Server] Build output stream finished - matrix_plio::hw. 
2024-02-12 17:22:23 [info] : [Build Server] Build output stream finished - matrix_plio::hw. 
2024-02-12 17:24:00 [info] : [Build Server] Build output stream finished - matrix_plio::x86sim. 
2024-02-12 17:24:33 [info] : [Build Server] Build output stream finished - matrix_plio::hw. 
2024-02-12 17:47:39 [info] : [Build Server] Build output stream finished - matrix_plio::x86sim. 
2024-02-12 17:47:58 [info] : [Debug Manager] Starting launch in 'debug' mode using configuration: {"type":"tcf-debug","request":"launch","name":"aie_component_aiesim_1","debugType":"aiesimulator","autoAttachProcessChildren":false,"target":{"targetConnectionId":"XRTServer","peersIniPath":"../../../.peers.ini","context":"MemSock"},"aieSimulatorOptions":{"enablePipelineView":false,"packageDirectory":"./Work","inputDirectory":"../..","additionalArgs":"","trace":{"enableTrace":true,"traceType":"onlineWdb","vcdFileName":"foo","generateXpe":false,"traceModules":{"io":true,"dma":true,"memory":true,"core":true,"shim":true,"streamSwitch":true},"columnSelectionForTrace":[],"rowSelectionForTrace":[],"timeWindowForTrace":{"start":"","end":""}},"profile":{"enableProfiling":true,"profileAllCores":true,"cores":""}},"internalConsoleOptions":"openOnSessionStart","__configUri":"file:///home/yzwu/Desktop/soc_test/matrix_plio/_ide/.theia/launch.json"} 
2024-02-12 17:47:59 [info] : [Debug Manager] Launch session has started on the configuration 'aie_component_aiesim_1' 
2024-02-12 17:48:26 [info] : [Debug Manager] Launch session has terminated on the configuration 'aie_component_aiesim_1' 
2024-02-12 17:49:10 [info] : [Debug Manager] Starting launch in 'debug' mode using configuration: {"type":"tcf-debug","request":"launch","name":"aie_component_aiesim_1","debugType":"aiesimulator","autoAttachProcessChildren":false,"target":{"targetConnectionId":"XRTServer","peersIniPath":"../../../.peers.ini","context":"MemSock"},"aieSimulatorOptions":{"enablePipelineView":false,"packageDirectory":"./Work","inputDirectory":"../..","additionalArgs":"","trace":{"enableTrace":true,"traceType":"onlineWdb","vcdFileName":"foo","generateXpe":false,"traceModules":{"io":true,"dma":true,"memory":true,"core":true,"shim":true,"streamSwitch":true},"columnSelectionForTrace":[],"rowSelectionForTrace":[],"timeWindowForTrace":{"start":"","end":""}},"profile":{"enableProfiling":true,"profileAllCores":true,"cores":""}},"internalConsoleOptions":"openOnSessionStart","__configUri":"file:///home/yzwu/Desktop/soc_test/matrix_plio/_ide/.theia/launch.json"} 
2024-02-12 17:49:10 [info] : [Debug Manager] Launch session has started on the configuration 'aie_component_aiesim_1' 
2024-02-12 17:51:14 [info] : [Debug Manager] Launch session has terminated on the configuration 'aie_component_aiesim_1' 
2024-02-12 17:51:23 [info] : [Debug Manager] Starting launch in 'debug' mode using configuration: {"type":"tcf-debug","request":"launch","name":"aie_component_aiesim_1","debugType":"aiesimulator","autoAttachProcessChildren":false,"target":{"targetConnectionId":"XRTServer","peersIniPath":"../../../.peers.ini","context":"MemSock"},"aieSimulatorOptions":{"enablePipelineView":false,"packageDirectory":"./Work","inputDirectory":"../..","additionalArgs":"","trace":{"enableTrace":true,"traceType":"onlineWdb","vcdFileName":"foo","generateXpe":false,"traceModules":{"io":true,"dma":true,"memory":true,"core":true,"shim":true,"streamSwitch":true},"columnSelectionForTrace":[],"rowSelectionForTrace":[],"timeWindowForTrace":{"start":"","end":""}},"profile":{"enableProfiling":true,"profileAllCores":true,"cores":""}},"internalConsoleOptions":"openOnSessionStart","__configUri":"file:///home/yzwu/Desktop/soc_test/matrix_plio/_ide/.theia/launch.json"} 
2024-02-12 17:51:24 [info] : [Debug Manager] Launch session has started on the configuration 'aie_component_aiesim_1' 
2024-02-12 17:51:26 [info] : [Debug Manager] Launch session has terminated on the configuration 'aie_component_aiesim_1' 
2024-02-13 11:12:00 [info] : [Debug Manager] Starting launch in 'run' mode using configuration: {"name":"vadd_sw_emu","debugType":"sw_emu","type":"gdb","request":"launch","target":"${workspaceFolder}/vadd_host/build/x86sim/vadd_host","applicationProjectDir":"${workspaceFolder}/vadd","arguments":"${workspaceFolder}/vadd/build/sw_emu/package/binary_container_1.xclbin","cwd":"${workspaceFolder}/vadd/build/sw_emu/vadd_sw_emu","gdbpath":"${env:XILINX_VITIS}/bin/xgdb","valuesFormatting":"prettyPrinters","env":{"XILINX_VITIS":"${env:XILINX_VITIS}","XILINX_HLS":"${env:XILINX_VITIS}","XCL_EMULATION_MODE":"sw_emu","ENABLE_KERNEL_DEBUG":"true","XRT_INI_PATH":"${workspaceFolder}/vadd/vadd_host/runtime/sw_emu_xrt.ini","XCL_BIN_PATH":"${workspaceFolder}/vadd/build/sw_emu/package","LD_LIBRARY_PATH":"${env:XILINX_XRT}/lib"},"__configUri":"file:///home/yzwu/Desktop/soc_test/vadd/_ide/.theia/launch.json"} 
2024-02-13 11:12:00 [info] : [Debug Manager] Disabling breakpoints in the tool to enable run mode for 'vadd_sw_emu'. 
2024-02-13 11:12:01 [info] : [Debug Manager] Launch session has started on the configuration 'vadd_sw_emu' 
2024-02-13 11:12:01 [info] : [Debug Manager] Launch session has terminated on the configuration 'vadd_sw_emu' 
2024-02-13 11:12:01 [info] : [Debug Manager] Enabling breakpoints after running the application using 'vadd_sw_emu'. 
